0 info it worked if it ends with ok
1 verbose cli [ '/usr/bin/node', '/usr/bin/npm', 'run', 'css' ]
2 info using npm@3.10.6
3 info using node@v6.3.1
4 verbose run-script [ 'precss', 'css', 'postcss' ]
5 info lifecycle tomatoestogether-client@3.0.0~precss: tomatoestogether-client@3.0.0
6 silly lifecycle tomatoestogether-client@3.0.0~precss: no script for precss, continuing
7 info lifecycle tomatoestogether-client@3.0.0~css: tomatoestogether-client@3.0.0
8 verbose lifecycle tomatoestogether-client@3.0.0~css: unsafe-perm in lifecycle true
9 verbose lifecycle tomatoestogether-client@3.0.0~css: PATH: /usr/lib/node_modules/npm/bin/node-gyp-bin:/home/dvcolgan/projects/tomatoestogether/client/node_modules/.bin:/usr/lib/node_modules/npm/bin/node-gyp-bin:/home/dvcolgan/projects/tomatoestogether/client/node_modules/.bin:/home/dvcolgan/npm/bin:/usr/local/sbin:/usr/local/bin:/usr/bin:/usr/bin/site_perl:/usr/bin/vendor_perl:/usr/bin/core_perl:./node_modules/.bin/:./bin
10 verbose lifecycle tomatoestogether-client@3.0.0~css: CWD: /home/dvcolgan/projects/tomatoestogether/client
11 silly lifecycle tomatoestogether-client@3.0.0~css: Args: [ '-c', 'stylus -w style.styl -o assets/style.css' ]
12 silly lifecycle tomatoestogether-client@3.0.0~css: Returned: code: 1  signal: null
13 info lifecycle tomatoestogether-client@3.0.0~css: Failed to exec css script
14 verbose stack Error: tomatoestogether-client@3.0.0 css: `stylus -w style.styl -o assets/style.css`
14 verbose stack Exit status 1
14 verbose stack     at EventEmitter.<anonymous> (/usr/lib/node_modules/npm/lib/utils/lifecycle.js:255:16)
14 verbose stack     at emitTwo (events.js:106:13)
14 verbose stack     at EventEmitter.emit (events.js:191:7)
14 verbose stack     at ChildProcess.<anonymous> (/usr/lib/node_modules/npm/lib/utils/spawn.js:40:14)
14 verbose stack     at emitTwo (events.js:106:13)
14 verbose stack     at ChildProcess.emit (events.js:191:7)
14 verbose stack     at maybeClose (internal/child_process.js:852:16)
14 verbose stack     at Process.ChildProcess._handle.onexit (internal/child_process.js:215:5)
15 verbose pkgid tomatoestogether-client@3.0.0
16 verbose cwd /home/dvcolgan/projects/tomatoestogether/client
17 error Linux 4.7.0-1-ARCH
18 error argv "/usr/bin/node" "/usr/bin/npm" "run" "css"
19 error node v6.3.1
20 error npm  v3.10.6
21 error code ELIFECYCLE
22 error tomatoestogether-client@3.0.0 css: `stylus -w style.styl -o assets/style.css`
22 error Exit status 1
23 error Failed at the tomatoestogether-client@3.0.0 css script 'stylus -w style.styl -o assets/style.css'.
23 error Make sure you have the latest version of node.js and npm installed.
23 error If you do, this is most likely a problem with the tomatoestogether-client package,
23 error not with npm itself.
23 error Tell the author that this fails on your system:
23 error     stylus -w style.styl -o assets/style.css
23 error You can get information on how to open an issue for this project with:
23 error     npm bugs tomatoestogether-client
23 error Or if that isn't available, you can get their info via:
23 error     npm owner ls tomatoestogether-client
23 error There is likely additional logging output above.
24 verbose exit [ 1, true ]
